<?xml version="1.0" encoding="UTF-8"?>
<testng-results ignored="0" total="1" passed="1" failed="0" skipped="0">
  <reporter-output>
  </reporter-output>
  <suite started-at="2023-08-09T17:20:57 IST" name="Default suite" finished-at="2023-08-09T17:21:09 IST" duration-ms="12454">
    <groups>
      <group name="cucumber">
        <method signature="AbstractTestNGCucumberTests.runScenario(io.cucumber.testng.PickleWrapper,io.cucumber.testng.FeatureWrapper)[pri:0, instance:cucumberOptions.Runner_File@6440112d]" name="runScenario" class="io.cucumber.testng.AbstractTestNGCucumberTests"/>
      </group> <!-- cucumber -->
    </groups>
    <test started-at="2023-08-09T17:20:57 IST" name="Default test" finished-at="2023-08-09T17:21:09 IST" duration-ms="12454">
      <class name="cucumberOptions.Runner_File">
        <test-method is-config="true" signature="setUpClass(org.testng.ITestContext)[pri:0, instance:cucumberOptions.Runner_File@6440112d]" started-at="2023-08-09T17:20:57 IST" name="setUpClass" finished-at="2023-08-09T17:20:57 IST" duration-ms="428" status="PASS">
          <params>
            <param index="0">
              <value>
                <![CDATA[org.testng.TestRunner@7459a21e]]>
              </value>
            </param>
          </params>
          <reporter-output>
          </reporter-output>
        </test-method> <!-- setUpClass -->
        <test-method is-config="true" signature="beforeTest()[pri:0, instance:cucumberOptions.Runner_File@6440112d]" started-at="2023-08-09T17:20:57 IST" name="beforeTest" finished-at="2023-08-09T17:21:06 IST" duration-ms="8622" status="PASS">
          <reporter-output>
          </reporter-output>
        </test-method> <!-- beforeTest -->
        <test-method signature="runScenario(io.cucumber.testng.PickleWrapper,io.cucumber.testng.FeatureWrapper)[pri:0, instance:cucumberOptions.Runner_File@6440112d]" started-at="2023-08-09T17:21:06 IST" name="runScenario" description="Runs Cucumber Scenarios" data-provider="scenarios" finished-at="2023-08-09T17:21:09 IST" duration-ms="2551" status="PASS">
          <params>
            <param index="0">
              <value>
                <![CDATA["User login with valid credentials"]]>
              </value>
            </param>
            <param index="1">
              <value>
                <![CDATA["Verify Login feature"]]>
              </value>
            </param>
          </params>
          <reporter-output>
          </reporter-output>
        </test-method> <!-- runScenario -->
        <test-method is-config="true" signature="afterTest(org.testng.ITestResult)[pri:0, instance:cucumberOptions.Runner_File@6440112d]" started-at="2023-08-09T17:21:09 IST" name="afterTest" finished-at="2023-08-09T17:21:09 IST" duration-ms="510" status="PASS">
          <params>
            <param index="0">
              <value>
                <![CDATA[[TestResult name=runScenario status=SUCCESS method=AbstractTestNGCucumberTests.runScenario(io.cucumber.testng.PickleWrapper,io.cucumber.testng.FeatureWrapper)[pri:0, instance:cucumberOptions.Runner_File@6440112d] output={null}]]]>
              </value>
            </param>
          </params>
          <reporter-output>
          </reporter-output>
        </test-method> <!-- afterTest -->
        <test-method is-config="true" signature="tearDownClass()[pri:0, instance:cucumberOptions.Runner_File@6440112d]" started-at="2023-08-09T17:21:09 IST" name="tearDownClass" finished-at="2023-08-09T17:21:09 IST" duration-ms="297" status="PASS">
          <reporter-output>
          </reporter-output>
        </test-method> <!-- tearDownClass -->
      </class> <!-- cucumberOptions.Runner_File -->
    </test> <!-- Default test -->
  </suite> <!-- Default suite -->
</testng-results>
